c:\users\home\documents\#1_uni_work_and_projects\cmp301 - graphics programming with shaders\example10_shadowmap\example10_shadowmap\debug\vc141.pdb
c:\users\home\documents\#1_uni_work_and_projects\cmp301 - graphics programming with shaders\example10_shadowmap\example10_shadowmap\debug\vc141.idb
c:\users\home\documents\#1_uni_work_and_projects\cmp301 - graphics programming with shaders\example10_shadowmap\example10_shadowmap\debug\textureshader.obj
c:\users\home\documents\#1_uni_work_and_projects\cmp301 - graphics programming with shaders\example10_shadowmap\example10_shadowmap\debug\tessellationshader.obj
c:\users\home\documents\#1_uni_work_and_projects\cmp301 - graphics programming with shaders\example10_shadowmap\example10_shadowmap\debug\terrain.obj
c:\users\home\documents\#1_uni_work_and_projects\cmp301 - graphics programming with shaders\example10_shadowmap\example10_shadowmap\debug\outlineshader.obj
c:\users\home\documents\#1_uni_work_and_projects\cmp301 - graphics programming with shaders\example10_shadowmap\example10_shadowmap\debug\main.obj
c:\users\home\documents\#1_uni_work_and_projects\cmp301 - graphics programming with shaders\example10_shadowmap\example10_shadowmap\debug\depthshader.obj
c:\users\home\documents\#1_uni_work_and_projects\cmp301 - graphics programming with shaders\example10_shadowmap\example10_shadowmap\debug\celshader.obj
c:\users\home\documents\#1_uni_work_and_projects\cmp301 - graphics programming with shaders\example10_shadowmap\example10_shadowmap\debug\app1.obj
c:\users\home\documents\#1_uni_work_and_projects\cmp301 - graphics programming with shaders\example10_shadowmap\example10_shadowmap\debug\water.obj
c:\users\home\documents\#1_uni_work_and_projects\cmp301 - graphics programming with shaders\example10_shadowmap\example10_shadowmap\debug\reflectionshader.obj
c:\users\home\documents\#1_uni_work_and_projects\cmp301 - graphics programming with shaders\example10_shadowmap\example10_shadowmap\depth_ps.cso
c:\users\home\documents\#1_uni_work_and_projects\cmp301 - graphics programming with shaders\example10_shadowmap\example10_shadowmap\depth_vs.cso
c:\users\home\documents\#1_uni_work_and_projects\cmp301 - graphics programming with shaders\example10_shadowmap\example10_shadowmap\outline_vs.cso
c:\users\home\documents\#1_uni_work_and_projects\cmp301 - graphics programming with shaders\example10_shadowmap\example10_shadowmap\cel_vs.cso
c:\users\home\documents\#1_uni_work_and_projects\cmp301 - graphics programming with shaders\example10_shadowmap\example10_shadowmap\cel_ps.cso
c:\users\home\documents\#1_uni_work_and_projects\cmp301 - graphics programming with shaders\example10_shadowmap\example10_shadowmap\terraincel_ps.cso
c:\users\home\documents\#1_uni_work_and_projects\cmp301 - graphics programming with shaders\example10_shadowmap\example10_shadowmap\texture_vs.cso
c:\users\home\documents\#1_uni_work_and_projects\cmp301 - graphics programming with shaders\example10_shadowmap\example10_shadowmap\outline_ps.cso
c:\users\home\documents\#1_uni_work_and_projects\cmp301 - graphics programming with shaders\example10_shadowmap\example10_shadowmap\texture_ps.cso
c:\users\home\documents\#1_uni_work_and_projects\cmp301 - graphics programming with shaders\example10_shadowmap\example10_shadowmap\terraintexture_ps.cso
c:\users\home\documents\#1_uni_work_and_projects\cmp301 - graphics programming with shaders\example10_shadowmap\example10_shadowmap\reflection_vs.cso
c:\users\home\documents\#1_uni_work_and_projects\cmp301 - graphics programming with shaders\example10_shadowmap\example10_shadowmap\terrainnormdisp_ds.cso
c:\users\home\documents\#1_uni_work_and_projects\cmp301 - graphics programming with shaders\example10_shadowmap\example10_shadowmap\terrainnormdisp_hs.cso
c:\users\home\documents\#1_uni_work_and_projects\cmp301 - graphics programming with shaders\example10_shadowmap\example10_shadowmap\terrainnormdisp_ps.cso
c:\users\home\documents\#1_uni_work_and_projects\cmp301 - graphics programming with shaders\example10_shadowmap\example10_shadowmap\terrainnormdisp_vs.cso
c:\users\home\documents\#1_uni_work_and_projects\cmp301 - graphics programming with shaders\example10_shadowmap\debug\example10_shadowmap.exe
c:\users\home\documents\#1_uni_work_and_projects\cmp301 - graphics programming with shaders\example10_shadowmap\debug\example10_shadowmap.ilk
c:\users\home\documents\#1_uni_work_and_projects\cmp301 - graphics programming with shaders\example10_shadowmap\debug\example10_shadowmap.pdb
c:\users\home\documents\#1_uni_work_and_projects\cmp301 - graphics programming with shaders\example10_shadowmap\example10_shadowmap\debug\tessellationshader.obj.enc
c:\users\home\documents\#1_uni_work_and_projects\cmp301 - graphics programming with shaders\example10_shadowmap\example10_shadowmap\debug\example1.2d84c2e8.tlog\cl.command.1.tlog
c:\users\home\documents\#1_uni_work_and_projects\cmp301 - graphics programming with shaders\example10_shadowmap\example10_shadowmap\debug\example1.2d84c2e8.tlog\cl.read.1.tlog
c:\users\home\documents\#1_uni_work_and_projects\cmp301 - graphics programming with shaders\example10_shadowmap\example10_shadowmap\debug\example1.2d84c2e8.tlog\cl.write.1.tlog
c:\users\home\documents\#1_uni_work_and_projects\cmp301 - graphics programming with shaders\example10_shadowmap\example10_shadowmap\debug\example1.2d84c2e8.tlog\fxc.command.1.tlog
c:\users\home\documents\#1_uni_work_and_projects\cmp301 - graphics programming with shaders\example10_shadowmap\example10_shadowmap\debug\example1.2d84c2e8.tlog\fxc.read.1.tlog
c:\users\home\documents\#1_uni_work_and_projects\cmp301 - graphics programming with shaders\example10_shadowmap\example10_shadowmap\debug\example1.2d84c2e8.tlog\fxc.write.1.tlog
c:\users\home\documents\#1_uni_work_and_projects\cmp301 - graphics programming with shaders\example10_shadowmap\example10_shadowmap\debug\example1.2d84c2e8.tlog\link.command.1.tlog
c:\users\home\documents\#1_uni_work_and_projects\cmp301 - graphics programming with shaders\example10_shadowmap\example10_shadowmap\debug\example1.2d84c2e8.tlog\link.read.1.tlog
c:\users\home\documents\#1_uni_work_and_projects\cmp301 - graphics programming with shaders\example10_shadowmap\example10_shadowmap\debug\example1.2d84c2e8.tlog\link.write.1.tlog
